#
# An unexpected error has been detected by Java Runtime Environment:
#
#  SIGSEGV (0xb) at pc=0x9c89eacc, pid=9588, tid=2860497728
#
# Java VM: Java HotSpot(TM) Client VM (11.3-b02 mixed mode linux-x86)
# Problematic frame:
# C  [libjscxds110.so+0x11acc]  GDBFlushPackets+0xf
#
# If you would like to submit a bug report, please visit:
#   http://java.sun.com/webapps/bugreport/crash.jsp
# The crash happened outside the Java Virtual Machine in native code.
# See problematic frame for where to report the bug.
#

---------------  T H R E A D  ---------------

Current thread (0x08abec00):  JavaThread "polling thread" daemon [_thread_in_native, id=9608, stack(0xaa7ab000,0xaa7fc000)]

siginfo:si_signo=SIGSEGV: si_errno=0, si_code=1 (SEGV_MAPERR), si_addr=0x4205e4a0

Registers:
EAX=0x4205e488, EBX=0x9c8f0000, ECX=0xaa7fa493, EDX=0x00002710
ESP=0xaa7fa2cc, EBP=0xaa7fa2dc, ESI=0x9c8a17c0, EDI=0xaa7fa5d4
EIP=0x9c89eacc, CR2=0x4205e4a0, EFLAGS=0x00010286

Top of Stack: (sp=0xaa7fa2cc)
0xaa7fa2cc:   00000000 9cd39fb1 00000047 4205e488
0xaa7fa2dc:   aa7fa32c 9c8b1da1 4205e488 00000000
0xaa7fa2ec:   00000000 9ca0d2d8 ffffffff aa7fa46e
0xaa7fa2fc:   9ca0a668 aa7fa3f8 73647863 2e303131
0xaa7fa30c:   00000000 00000000 00000000 4205e488
0xaa7fa31c:   00000000 00704008 aa704004 9c8f0000
0xaa7fa32c:   aa7fa36c 9c8b227d 4205e488 9c8f1060
0xaa7fa33c:   00000005 9c8f1060 00000004 00000000 

Instructions: (pc=0x9c89eacc)
0x9c89eabc:   c3 55 89 e5 83 ec 10 8b 45 08 89 45 fc 8b 45 fc
0x9c89eacc:   c7 40 18 00 00 00 00 8b 45 fc c7 80 58 10 00 00 

Stack: [0xaa7ab000,0xaa7fc000],  sp=0xaa7fa2cc,  free space=316k
Native frames: (J=compiled Java code, j=interpreted, Vv=VM code, C=native code)
C  [libjscxds110.so+0x11acc]  GDBFlushPackets+0xf
C  [libjscxds110.so+0x24da1]  XDS_Execute+0x63
C  [libjscxds110.so+0x2527d]  XDS_CycleTclk+0x70
C  [libjscxds110.so+0x152da]  _Z13DoModifyTclkoP10JSC_Inform11JSC_JtagPinjj+0xf9
C  [libjscxds110.so+0x124bb]  _Z15jsc_WaitForTclkP10JSC_Informj+0x3b
C  [libjscxds110.so+0x14da0]
C  [libjscxds110.so+0x14898]  _Z13jsc_PodConfigP10JSC_InformjbPbjb+0xd8
C  [libxdsfast3.so+0x1cdb8]  _Z13smg_PodConfigP10SMG_InformP7sc_args+0xa9
C  [libxdsfast3.so+0x2200b]  SMG_call+0xaf
C  [libtixds510cortexm.so+0x1599b]
C  [libtixds510cortexm.so+0x1507c]  TRG_reset+0x3f
C  [libtixds510cortexm.so+0x16d14]  TRG_call+0x1c7
C  [libtixds510cortexm.so+0xe835]
C  [libtixds510cortexm.so+0xe36b]  GTI_RESET_EX+0x1bd

Java frames: (J=compiled Java code, j=interpreted, Vv=VM code)
j  com.ti.xpcom.internal.XPCOMJavaProxy.callXPCOMMethod(JLjava/lang/String;[Ljava/lang/Object;)Ljava/lang/Object;+0
j  com.ti.xpcom.internal.XPCOMJavaProxy.invoke(Ljava/lang/Object;Ljava/lang/reflect/Method;[Ljava/lang/Object;)Ljava/lang/Object;+108
j  $Proxy2.pollThreadMain()J+9
j  com.ti.debug.engine.cce.CCEDebugEngine.pollThreadMain()J+7
j  com.ti.debug.engine.cce.CCEDebugEngine$PollingThread.run()V+125
v  ~StubRoutines::call_stub

---------------  P R O C E S S  ---------------

Java Threads: ( => current thread )
  0x08ae4800 JavaThread "Thread-4" [_thread_blocked, id=9611, stack(0x9cdfc000,0x9ce4d000)]
  0xacb53000 JavaThread "Worker-1" [_thread_blocked, id=9610, stack(0x9ce4d000,0x9ce9e000)]
  0x0891a000 JavaThread "ModalContext" [_thread_blocked, id=9609, stack(0xab8d0000,0xab921000)]
=>0x08abec00 JavaThread "polling thread" daemon [_thread_in_native, id=9608, stack(0xaa7ab000,0xaa7fc000)]
  0x08a44800 JavaThread "Worker-0" [_thread_blocked, id=9607, stack(0xaa72f000,0xaa780000)]
  0x087f8c00 JavaThread "xpcom dispose thread" daemon [_thread_blocked, id=9603, stack(0xab38c000,0xab3dd000)]
  0xacb58c00 JavaThread "Worker-JM" [_thread_blocked, id=9602, stack(0xab820000,0xab871000)]
  0x086f4400 JavaThread "[Timer] - Main Queue Handler" daemon [_thread_blocked, id=9601, stack(0xab87f000,0xab8d0000)]
  0xacb06c00 JavaThread "Framework Event Dispatcher" daemon [_thread_blocked, id=9599, stack(0xab92d000,0xab97e000)]
  0x086ee800 JavaThread "Start Level Event Dispatcher" daemon [_thread_blocked, id=9598, stack(0xab980000,0xab9d1000)]
  0x08721c00 JavaThread "State Data Manager" daemon [_thread_blocked, id=9597, stack(0xab9d1000,0xaba22000)]
  0x08705c00 JavaThread "Framework Active Thread" [_thread_blocked, id=9596, stack(0xaba22000,0xaba73000)]
  0x08616400 JavaThread "Low Memory Detector" daemon [_thread_blocked, id=9594, stack(0xacaaf000,0xacb00000)]
  0x08614800 JavaThread "CompilerThread0" daemon [_thread_blocked, id=9593, stack(0xacc2e000,0xaccaf000)]
  0x08613000 JavaThread "Signal Dispatcher" daemon [_thread_blocked, id=9592, stack(0xaccaf000,0xacd00000)]
  0x08603800 JavaThread "Finalizer" daemon [_thread_blocked, id=9591, stack(0xace39000,0xace8a000)]
  0x08602400 JavaThread "Reference Handler" daemon [_thread_blocked, id=9590, stack(0xace8a000,0xacedb000)]
  0x085b2400 JavaThread "main" [_thread_in_native, id=9588, stack(0xbf92e000,0xbf97e000)]

Other Threads:
  0x085fd400 VMThread [stack: 0xacedb000,0xacf5c000] [id=9589]
  0x08618400 WatcherThread [stack: 0xaca2e000,0xacaaf000] [id=9595]

VM state:not at safepoint (normal execution)

VM Mutex/Monitor currently owned by a thread: None

Heap
 def new generation   total 960K, used 123K [0xad1a0000, 0xad2a0000, 0xad680000)
  eden space 896K,   6% used [0xad1a0000, 0xad1aed50, 0xad280000)
  from space 64K, 100% used [0xad290000, 0xad2a0000, 0xad2a0000)
  to   space 64K,   0% used [0xad280000, 0xad280000, 0xad290000)
 tenured generation   total 7336K, used 3833K [0xad680000, 0xaddaa000, 0xb11a0000)
   the space 7336K,  52% used [0xad680000, 0xada3e5a0, 0xada3e600, 0xaddaa000)
 compacting perm gen  total 21760K, used 21614K [0xb11a0000, 0xb26e0000, 0xb51a0000)
   the space 21760K,  99% used [0xb11a0000, 0xb26bb838, 0xb26bba00, 0xb26e0000)
No shared spaces configured.

Dynamic libraries:
06000000-0642a000 r-xp 00000000 08:01 339345     /home/comp6733/uniflash_3.4/eclipse/jre/lib/i386/client/libjvm.so
0642a000-06444000 rw-p 0042a000 08:01 339345     /home/comp6733/uniflash_3.4/eclipse/jre/lib/i386/client/libjvm.so
06444000-06864000 rw-p 00000000 00:00 0 
08048000-0804c000 r-xp 00000000 08:01 339256     /home/comp6733/uniflash_3.4/eclipse/uniflash
0804c000-0804d000 rw-p 00003000 08:01 339256     /home/comp6733/uniflash_3.4/eclipse/uniflash
085aa000-08b99000 rw-p 00000000 00:00 0          [heap]
9c4cc000-9c4f6000 r-xp 00000000 08:01 342125     /home/comp6733/uniflash_3.4/ccs_base/emulation/tpi/libtpiarm_x.so
9c4f6000-9c4f7000 r--p 00029000 08:01 342125     /home/comp6733/uniflash_3.4/ccs_base/emulation/tpi/libtpiarm_x.so
9c4f7000-9c509000 rw-p 0002a000 08:01 342125     /home/comp6733/uniflash_3.4/ccs_base/emulation/tpi/libtpiarm_x.so
9c509000-9c544000 r--p 00000000 08:01 279138     /usr/share/fonts/truetype/dejavu/DejaVuSansMono-BoldOblique.ttf
9c544000-9c581000 r--p 00000000 08:01 279139     /usr/share/fonts/truetype/dejavu/DejaVuSansMono-Oblique.ttf
9c581000-9c5cf000 r--p 00000000 08:01 279137     /usr/share/fonts/truetype/dejavu/DejaVuSansMono-Bold.ttf
9c5cf000-9c621000 r--p 00000000 08:01 279140     /usr/share/fonts/truetype/dejavu/DejaVuSansMono.ttf
9c621000-9c652000 r-xp 00000000 08:01 341495     /home/comp6733/uniflash_3.4/ccs_base/common/uscif/libxdsboard.so
9c652000-9c656000 r--p 00030000 08:01 341495     /home/comp6733/uniflash_3.4/ccs_base/common/uscif/libxdsboard.so
9c656000-9c657000 rw-p 00034000 08:01 341495     /home/comp6733/uniflash_3.4/ccs_base/common/uscif/libxdsboard.so
9c657000-9c759000 rw-p 00000000 00:00 0 
9c759000-9c788000 r-xp 00000000 08:01 342199     /home/comp6733/uniflash_3.4/ccs_base/emulation/drivers/libtixds510cortexm.so
9c788000-9c789000 r--p 0002e000 08:01 342199     /home/comp6733/uniflash_3.4/ccs_base/emulation/drivers/libtixds510cortexm.so
9c789000-9c78a000 rw-p 0002f000 08:01 342199     /home/comp6733/uniflash_3.4/ccs_base/emulation/drivers/libtixds510cortexm.so
9c78a000-9c88d000 rw-p 00000000 00:00 0 
9c88d000-9c8eb000 r-xp 00000000 08:01 341489     /home/comp6733/uniflash_3.4/ccs_base/common/uscif/libjscxds110.so
9c8eb000-9c8f0000 r--p 0005d000 08:01 341489     /home/comp6733/uniflash_3.4/ccs_base/common/uscif/libjscxds110.so
9c8f0000-9c8f1000 rw-p 00062000 08:01 341489     /home/comp6733/uniflash_3.4/ccs_base/common/uscif/libjscxds110.so
9c8f1000-9c8f3000 rw-p 00000000 00:00 0 
9c8f3000-9c93a000 r--p 00000000 08:01 279220     /usr/share/fonts/truetype/noto/NotoSans-BoldItalic.ttf
9c93a000-9c97f000 r--p 00000000 08:01 279221     /usr/share/fonts/truetype/noto/NotoSans-Italic.ttf
9c97f000-9ca00000 rw-p 00000000 00:00 0 
9ca00000-9caa7000 rw-p 00000000 00:00 0 
9caa7000-9cb00000 ---p 00000000 00:00 0 
9cb03000-9cb0c000 r-xp 00000000 08:01 341833     /home/comp6733/uniflash_3.4/ccs_base/emulation/tpi/libtpi_cs_dap.so
9cb0c000-9cb0d000 r--p 00008000 08:01 341833     /home/comp6733/uniflash_3.4/ccs_base/emulation/tpi/libtpi_cs_dap.so
9cb0d000-9cb0f000 rw-p 00009000 08:01 341833     /home/comp6733/uniflash_3.4/ccs_base/emulation/tpi/libtpi_cs_dap.so
9cb0f000-9cb2a000 r-xp 00000000 08:01 342202     /home/comp6733/uniflash_3.4/ccs_base/emulation/drivers/libtixds510cs_dap.so
9cb2a000-9cb2b000 r--p 0001a000 08:01 342202     /home/comp6733/uniflash_3.4/ccs_base/emulation/drivers/libtixds510cs_dap.so
9cb2b000-9cb2c000 rw-p 0001b000 08:01 342202     /home/comp6733/uniflash_3.4/ccs_base/emulation/drivers/libtixds510cs_dap.so
9cb2c000-9cb2d000 rw-p 00000000 00:00 0 
9cb2d000-9cb7d000 r-xp 00000000 08:01 340157     /home/comp6733/uniflash_3.4/ccs_base/DebugServer/bin/libDebugProperties.so
9cb7d000-9cb7f000 rw-p 00050000 08:01 340157     /home/comp6733/uniflash_3.4/ccs_base/DebugServer/bin/libDebugProperties.so
9cb7f000-9cc00000 rw-p 00000000 00:00 0 
9cc00000-9cd00000 rw-p 00000000 00:00 0 
9cd06000-9cd10000 r-xp 00000000 08:01 341835     /home/comp6733/uniflash_3.4/ccs_base/emulation/tpi/libtpi_icepick.so
9cd10000-9cd11000 r--p 00009000 08:01 341835     /home/comp6733/uniflash_3.4/ccs_base/emulation/tpi/libtpi_icepick.so
9cd11000-9cd14000 rw-p 0000a000 08:01 341835     /home/comp6733/uniflash_3.4/ccs_base/emulation/tpi/libtpi_icepick.so
9cd14000-9cd58000 r-xp 00000000 08:01 341496     /home/comp6733/uniflash_3.4/ccs_base/common/uscif/libxdsfast3.so
9cd58000-9cd59000 ---p 00044000 08:01 341496     /home/comp6733/uniflash_3.4/ccs_base/common/uscif/libxdsfast3.so
9cd59000-9cd5f000 r--p 00044000 08:01 341496     /home/comp6733/uniflash_3.4/ccs_base/common/uscif/libxdsfast3.so
9cd5f000-9cd60000 rw-p 0004a000 08:01 341496     /home/comp6733/uniflash_3.4/ccs_base/common/uscif/libxdsfast3.so
9cd60000-9cdf7000 r-xp 00000000 08:01 341572     /home/comp6733/uniflash_3.4/ccs_base/emulation/analysis/bin/libctools.so
9cdf7000-9cdf8000 ---p 00097000 08:01 341572     /home/comp6733/uniflash_3.4/ccs_base/emulation/analysis/bin/libctools.so
9cdf8000-9cdfa000 r--p 00097000 08:01 341572     /home/comp6733/uniflash_3.4/ccs_base/emulation/analysis/bin/libctools.so
9cdfa000-9cdfb000 rw-p 00099000 08:01 341572     /home/comp6733/uniflash_3.4/ccs_base/emulation/analysis/bin/libctools.so
9cdfb000-9cdfc000 rw-p 00000000 00:00 0 
9cdfc000-9cdff000 ---p 00000000 00:00 0 
9cdff000-9ce4d000 rwxp 00000000 00:00 0          [stack:9611]
9ce4d000-9ce50000 ---p 00000000 00:00 0 
9ce50000-9ce9e000 rwxp 00000000 00:00 0          [stack:9610]
9ce9e000-9cf2a000 r-xp 00000000 08:01 340152     /home/comp6733/uniflash_3.4/ccs_base/DebugServer/bin/libCollectorServer.so
9cf2a000-9cf2c000 rw-p 0008c000 08:01 340152     /home/comp6733/uniflash_3.4/ccs_base/DebugServer/bin/libCollectorServer.so
9cf2c000-9cf2e000 rw-p 00000000 00:00 0 
9cf2e000-9d2f5000 r-xp 00000000 08:01 340529     /home/comp6733/uniflash_3.4/ccs_base/common/bin/libxerces-c.so.28.0
9d2f5000-9d328000 rw-p 003c6000 08:01 340529     /home/comp6733/uniflash_3.4/ccs_base/common/bin/libxerces-c.so.28.0
9d328000-9dc10000 r-xp 00000000 08:01 340151     /home/comp6733/uniflash_3.4/ccs_base/DebugServer/bin/libDebugServer.so
9dc10000-9dc14000 rw-p 008e7000 08:01 340151     /home/comp6733/uniflash_3.4/ccs_base/DebugServer/bin/libDebugServer.so
9dc14000-9dc6f000 rw-p 00000000 00:00 0 
9dc6f000-a2505000 r--p 00000000 08:01 314388     /usr/share/icons/mate/icon-theme.cache
a2505000-a3e73000 r--p 00000000 08:01 326130     /usr/share/icons/hicolor/icon-theme.cache
a3e73000-a907a000 r--p 00000000 08:01 302904     /usr/share/icons/gnome/icon-theme.cache
a907a000-a9f2c000 r--p 00000000 08:01 284051     /usr/share/icons/Mint-X/icon-theme.cache
a9f2c000-a9f2f000 r--s 00013000 08:01 339159     /home/comp6733/uniflash_3.4/eclipse/plugins/org.eclipse.core.expressions_3.4.400.v20120523-2004.jar
a9f3a000-a9f43000 r-xp 00000000 08:01 341810     /home/comp6733/uniflash_3.4/ccs_base/emulation/drivers/libcmapi.so
a9f43000-a9f44000 r--p 00008000 08:01 341810     /home/comp6733/uniflash_3.4/ccs_base/emulation/drivers/libcmapi.so
a9f44000-a9f45000 rw-p 00009000 08:01 341810     /home/comp6733/uniflash_3.4/ccs_base/emulation/drivers/libcmapi.so
a9f45000-a9f55000 r-xp 00000000 08:01 341472     /home/comp6733/uniflash_3.4/ccs_base/common/uscif/libjtagdata.so
a9f55000-a9f56000 r--p 00010000 08:01 341472     /home/comp6733/uniflash_3.4/ccs_base/common/uscif/libjtagdata.so
a9f56000-a9f57000 rw-p 00011000 08:01 341472     /home/comp6733/uniflash_3.4/ccs_base/common/uscif/libjtagdata.so
a9f57000-aa1fe000 r-xp 00000000 08:01 340532     /home/comp6733/uniflash_3.4/ccs_base/common/bin/libsetup_parser.so
aa1fe000-aa200000 rw-p 002a7000 08:01 340532     /home/comp6733/uniflash_3.4/ccs_base/common/bin/libsetup_parser.so
aa200000-aa201000 rw-p 00000000 00:00 0 
aa201000-aa2b7000 r-xp 00000000 08:01 340140     /home/comp6733/uniflash_3.4/ccs_base/DebugServer/bin/libtiofr11.so
aa2b7000-aa2bb000 rw-p 000b6000 08:01 340140     /home/comp6733/uniflash_3.4/ccs_base/DebugServer/bin/libtiofr11.so
aa2bb000-aa2df000 r-xp 00000000 08:01 263502     /lib/i386-linux-gnu/liblzma.so.5.0.0
aa2df000-aa2e0000 r--p 00023000 08:01 263502     /lib/i386-linux-gnu/liblzma.so.5.0.0
aa2e0000-aa2e1000 rw-p 00024000 08:01 263502     /lib/i386-linux-gnu/liblzma.so.5.0.0
aa2e1000-aa434000 r-xp 00000000 08:01 10145      /usr/lib/i386-linux-gnu/libxml2.so.2.9.1
aa434000-aa435000 ---p 00153000 08:01 10145      /usr/lib/i386-linux-gnu/libxml2.so.2.9.1
aa435000-aa439000 r--p 00153000 08:01 10145      /usr/lib/i386-linux-gnu/libxml2.so.2.9.1
aa439000-aa43a000 rw-p 00157000 08:01 10145      /usr/lib/i386-linux-gnu/libxml2.so.2.9.1
aa43a000-aa43b000 rw-p 00000000 00:00 0 
aa43b000-aa474000 r-xp 00000000 08:01 9108       /usr/lib/i386-linux-gnu/libcroco-0.6.so.3.0.1
aa474000-aa476000 r--p 00039000 08:01 9108       /usr/lib/i386-linux-gnu/libcroco-0.6.so.3.0.1
aa476000-aa477000 rw-p 0003b000 08:01 9108       /usr/lib/i386-linux-gnu/libcroco-0.6.so.3.0.1
aa477000-aa4ad000 r-xp 00000000 08:01 9897       /usr/lib/i386-linux-gnu/librsvg-2.so.2.40.2
aa4ad000-aa4ae000 r--p 00035000 08:01 9897       /usr/lib/i386-linux-gnu/librsvg-2.so.2.40.2
aa4ae000-aa4af000 rw-p 00036000 08:01 9897       /usr/lib/i386-linux-gnu/librsvg-2.so.2.40.2
aa4b4000-aa4c6000 r-xp 00000000 08:01 341813     /home/comp6733/uniflash_3.4/ccs_base/emulation/drivers/libprsc.so
aa4c6000-aa4c7000 r--p 00012000 08:01 341813     /home/comp6733/uniflash_3.4/ccs_base/emulation/drivers/libprsc.so
aa4c7000-aa4c8000 rw-p 00013000 08:01 341813     /home/comp6733/uniflash_3.4/ccs_base/emulation/drivers/libprsc.so
aa4c8000-aa528000 rw-s 00000000 00:04 44204062   /SYSV00000000 (deleted)
aa528000-aa5a8000 rw-s 00000000 00:04 44171293   /SYSV00000000 (deleted)
aa5a8000-aa5b3000 r--s 00084000 08:01 339250     /home/comp6733/uniflash_3.4/eclipse/plugins/org.eclipse.ui.workbench.texteditor_3.8.0.v20120523-1310.jar
aa5b3000-aa600000 r--p 00000000 08:01 279219     /usr/share/fonts/truetype/noto/NotoSans-Bold.ttf
aa600000-aa686000 rw-p 00000000 00:00 0 
aa686000-aa700000 ---p 00000000 00:00 0 
aa704000-aa705000 rw-s 00000000 00:15 87724      /run/shm/JTI-6c99e6e0
aa705000-aa706000 rw-s 00000000 00:15 87723      /run/shm/JTI-2ea6b079
aa706000-aa71f000 r-xp 00000000 08:01 11333      /usr/lib/i386-linux-gnu/gio/modules/libgioremote-volume-monitor.so
aa71f000-aa720000 ---p 00019000 08:01 11333      /usr/lib/i386-linux-gnu/gio/modules/libgioremote-volume-monitor.so
aa720000-aa721000 r--p 00019000 08:01 11333      /usr/lib/i386-linux-gnu/gio/modules/libgioremote-volume-monitor.so
aa721000-aa722000 rw-p 0001a000 08:01 11333      /usr/lib/i386-linux-gnu/gio/modules/libgioremote-volume-monitor.so
aa722000-aa72d000 r-xp 00000000 08:01 11329      /usr/lib/i386-linux-gnu/gio/modules/libdconfsettings.so
aa72d000-aa72e000 r--p 0000a000 08:01 11329      /usr/lib/i386-linux-gnu/gio/modules/libdconfsettings.so
aa72e000-aa72f000 rw-p 0000b000 08:01 11329      /usr/lib/i386-linux-gnu/gio/modules/libdconfsettings.so
aa72f000-aa732000 ---p 00000000 00:00 0 
aa732000-aa780000 rwxp 00000000 00:00 0          [stack:9607]
aa780000-aa781000 rw-s 00000000 00:15 87722      /run/shm/sem.JTI-c3e496b9
aa781000-aa782000 r-xp 00000000 08:01 11200      /usr/lib/i386-linux-gnu/gdk-pixbuf-2.0/2.10.0/loaders/libpixbufloader-svg.so
aa782000-aa783000 r--p 00001000 08:01 11200      /usr/lib/i386-linux-gnu/gdk-pixbuf-2.0/2.10.0/loaders/libpixbufloader-svg.so
aa783000-aa784000 rw-p 00002000 08:01 11200      /usr/lib/i386-linux-gnu/gdk-pixbuf-2.0/2.10.0/loaders/libpixbufloader-svg.so
aa784000-aa785000 rw-s 00000000 00:15 25741      /run/shm/JTI-5cc4cdf4
aa785000-aa78e000 r--s 00057000 08:01 339136     /home/comp6733/uniflash_3.4/eclipse/plugins/com.ti.uniflash.cc3xx_1.0.0.201509170704.jar
aa78e000-aa790000 r--s 0000c000 08:01 339111     /home/comp6733/uniflash_3.4/eclipse/plugins/com.ti.ccstudio.core_5.3.0.201210101700.jar
aa790000-aa794000 r--s 00024000 08:01 339247     /home/comp6733/uniflash_3.4/eclipse/plugins/org.eclipse.ui.console_3.5.100.v20120521-2012.jar
aa794000-aa79a000 r-xp 00000000 08:01 11190      /usr/lib/i386-linux-gnu/gdk-pixbuf-2.0/2.10.0/loaders/libpixbufloader-gif.so
aa79a000-aa79b000 r--p 00005000 08:01 11190      /usr/lib/i386-linux-gnu/gdk-pixbuf-2.0/2.10.0/loaders/libpixbufloader-gif.so
aa79b000-aa79c000 rw-p 00006000 08:01 11190      /usr/lib/i386-linux-gnu/gdk-pixbuf-2.0/2.10.0/loaders/libpixbufloader-gif.so
aa79c000-aa7a6000 r--s 00069000 08:01 339148     /home/comp6733/uniflash_3.4/eclipse/plugins/com.ti.uniflash_1.0.0.201509170704.jar
aa7a6000-aa7ab000 r--s 0003b000 08:01 339236     /home/comp6733/uniflash_3.4/eclipse/plugins/org.eclipse.help_3.6.0.v20120521-2344.jar
aa7ab000-aa7ae000 ---p 00000000 00:00 0 
aa7ae000-aa7fc000 rwxp 00000000 00:00 0          [stack:9608]
aa7fc000-aa800000 r--s 0002b000 08:01 339246     /home/comp6733/uniflash_3.4/eclipse/plugins/org.eclipse.ui.browser_3.4.0.v20120521-2332.jar
aa800000-aa8ef000 rw-p 00000000 00:00 0 
aa8ef000-aa900000 ---p 00000000 00:00 0 
aa900000-aa909000 r-xp 00000000 08:01 440535     /home/comp6733/uniflash_3.4/eclipse/configuration/org.eclipse.osgi/bundles/102/2/.cp/libswt-atk-gtk-3833.so
aa909000-aa90a000 rw-p 00009000 08:01 440535     /home/comp6733/uniflash_3.4/eclipse/configuration/org.eclipse.osgi/bundles/102/2/.cp/libswt-atk-gtk-3833.so
aa90a000-aa927000 r-xp 00000000 08:01 342207     /home/comp6733/uniflash_3.4/ccs_base/emulation/drivers/libtixds510icepick_c.so
aa927000-aa928000 r--p 0001c000 08:01 342207     /home/comp6733/uniflash_3.4/ccs_base/emulation/drivers/libtixds510icepick_c.so
aa928000-aa929000 rw-p 0001d000 08:01 342207     /home/comp6733/uniflash_3.4/ccs_base/emulation/drivers/libtixds510icepick_c.so
aa929000-aa92a000 rw-p 00000000 00:00 0 
aa92a000-aa945000 r-xp 00000000 08:01 341507     /home/comp6733/uniflash_3.4/ccs_base/emulation/analysis/bin/libAETProperties.so
aa945000-aa946000 r--p 0001a000 08:01 341507     /home/comp6733/uniflash_3.4/ccs_base/emulation/analysis/bin/libAETProperties.so
aa946000-aa947000 rw-p 0001b000 08:01 341507     /home/comp6733/uniflash_3.4/ccs_base/emulation/analysis/bin/libAETProperties.so
aa947000-aa950000 r-xp 00000000 08:01 340530     /home/comp6733/uniflash_3.4/ccs_base/common/bin/libCCReg.so
aa950000-aa951000 rw-p 00009000 08:01 340530     /home/comp6733/uniflash_3.4/ccs_base/common/bin/libCCReg.so
aa951000-aa965000 r--s 000df000 08:01 339238     /home/comp6733/uniflash_3.4/eclipse/plugins/org.eclipse.jface.text_3.8.0.v20120531-0600.jar
aa965000-aa96a000 r--s 00038000 08:01 339245     /home/comp6733/uniflash_3.4/eclipse/plugins/org.eclipse.text_3.5.200.v20120523-1310.jar
aa96a000-aa984000 r-xp 00000000 08:01 340160     /home/comp6733/uniflash_3.4/ccs_base/DebugServer/bin/libXPCOMTILogger.so
aa984000-aa985000 rw-p 00019000 08:01 340160     /home/comp6733/uniflash_3.4/ccs_base/DebugServer/bin/libXPCOMTILogger.so
aa985000-aa9ba000 r-xp 00000000 08:01 340153     /home/comp6733/uniflash_3.4/ccs_base/DebugServer/bin/libDatasetServer.so
aa9ba000-aa9bb000 rw-p 00035000 08:01 340153     /home/comp6733/uniflash_3.4/ccs_base/DebugServer/bin/libDatasetServer.so
aa9bb000-aa9bc000 rw-p 00000000 00:00 0 
aa9bc000-aa9be000 r--s 00003000 08:01 339227     /home/comp6733/uniflash_3.4/eclipse/plugins/org.eclipse.equinox.p2.updatechecker_1.1.200.v20110808-1657.jar
aa9be000-aa9c1000 r--s 0001a000 08:01 339210     /home/comp6733/uniflash_3.4/eclipse/plugins/org.eclipse.equinox.p2.metadata.repository_1.2.100.v20120524-1717.jar
aa9c1000-aa9c5000 r--s 0001d000 08:01 339218     /home/comp6733/uniflash_3.4/eclipse/plugins/org.eclipse.equinox.p2.repository_2.2.0.v20120524-1945.jar
aa9c5000-aa9cd000 r--s 0004c000 08:01 339211     /home/comp6733/uniflash_3.4/eclipse/plugins/org.eclipse.equinox.p2.metadata_2.1.0.v20120430-2001.jar
aa9cd000-aa9d0000 r--s 00018000 08:01 339232     /home/comp6733/uniflash_3.4/eclipse/plugins/org.eclipse.equinox.security_1.1.100.v20120522-1841.jar
aa9d0000-aa9d4000 r--s 0002d000 08:01 339206     /home/comp6733/uniflash_3.4/eclipse/plugins/org.eclipse.equinox.p2.engine_2.2.0.v20120501-1502.jar
aa9d4000-aa9d6000 r--s 0000d000 08:01 339212     /home/comp6733/uniflash_3.4/eclipse/plugins/org.eclipse.equinox.p2.operations_2.2.0.v20120524-0542.jar
aa9d6000-aa9d8000 r--s 0000d000 08:01 339224     /home/comp6733/uniflash_3.4/eclipse/plugins/org.eclipse.equinox.p2.ui.sdk.scheduler_1.1.0.v20110815-1744.jar
aa9d8000-aa9e0000 r--s 00041000 08:01 339156     /home/comp6733/uniflash_3.4/eclipse/plugins/org.eclipse.core.databinding.observable_1.4.1.v20120521-2332.jar
aa9e0000-aa9e8000 r--s 0003c000 08:01 339237     /home/comp6733/uniflash_3.4/eclipse/plugins/org.eclipse.jface.databinding_1.6.0.v20120521-2332.jar
aa9e8000-aa9f2000 r-xp 00000000 08:01 440533     /home/comp6733/uniflash_3.4/eclipse/configuration/org.eclipse.osgi/bundles/102/2/.cp/libswt-cairo-gtk-3833.so
aa9f2000-aa9f3000 rw-p 0000a000 08:01 440533     /home/comp6733/uniflash_3.4/eclipse/configuration/org.eclipse.osgi/bundles/102/2/.cp/libswt-cairo-gtk-3833.so
aa9f3000-aa9f7000 r-xp 00000000 08:01 11196      /usr/lib/i386-linux-gnu/gdk-pixbuf-2.0/2.10.0/loaders/libpixbufloader-png.so
aa9f7000-aa9f8000 r--p 00003000 08:01 11196      /usr/lib/i386-linux-gnu/gdk-pixbuf-2.0/2.10.0/loaders/libpixbufloader-png.so
aa9f8000-aa9f9000 rw-p 00004000 08:01 11196      /usr/lib/i386-linux-gnu/gdk-pixbuf-2.0/2.10.0/loaders/libpixbufloader-png.so
aa9f9000-aa9fa000 r--s 00003000 08:01 339110     /home/comp6733/uniflash_3.4/eclipse/plugins/com.ti.base.ui_5.3.0.201210101700.jar
aa9fa000-aaa45000 r--p 00000000 08:01 279222     /usr/share/fonts/truetype/noto/NotoSans-Regular.ttf
aaa45000-aaa46000 r--s 00000000 08:01 184411     /var/cache/fontconfig/087e1975ba9a574b140bb1df193bf770-le32d4.cache-4
aaa46000-aaa47000 r--s 00000000 08:01 171123     /var/cache/fontconfig/c05880de57d1f5e948fdfacc138775d9-le32d4.cache-4
aaa47000-aaa4f000 r--s 00000000 08:01 171116     /var/cache/fontconfig/945677eb7aeaf62f1d50efc3fb3ec7d8-le32d4.cache-4
aaa4f000-aaa51000 r--s 00000000 08:01 171118     /var/cache/fontconfig/99e8ed0e538f840c565b6ed5dad60d56-le32d4.cache-4
aaa51000-aaa55000 r--s 00000000 08:01 171101     /var/cache/fontconfig/2cd17615ca594fa2959ae173292e504c-le32d4.cache-4
aaa55000-aaa56000 r--s 00000000 08:01 171133     /var/cache/fontconfig/e7071f4a29fa870f4323321c154eba04-le32d4.cache-4
aaa56000-aaa57000 r--s 00000000 08:01 171098     /var/cache/fontconfig/0d8c3b2ac0904cb8a57a757ad11a4a08-le32d4.cache-4
aaa57000-aaa5c000 r--s 00000000 08:01 171120     /var/cache/fontconfig/a755afe4a08bf5b97852ceb7400b47bc-le32d4.cache-4
aaa5c000-aaa65000 r--s 00000000 08:01 171111     /var/cache/fontconfig/6d41288fd70b0be22e8c3a91e032eec0-le32d4.cache-4
aaa65000-aaa74000 r--s 00000000 08:01 171095     /var/cache/fontconfig/04aabc0a78ac019cf9454389977116d2-le32d4.cache-4
aaa74000-aaa75000 r--s 00000000 08:01 171100     /var/cache/fontconfig/1ac9eb803944fde146138c791f5cc56a-le32d4.cache-4
aaa75000-aaa78000 r--s 00000000 08:01 171104     /var/cache/fontconfig/385c0604a188198f04d133e54aba7fe7-le32d4.cache-4
aaa78000-aaa79000 r--s 00000000 08:01 171130     /var/cache/fontconfig/dc05db6664285cc2f12bf69c139ae4c3-le32d4.cache-4
aaa79000-aaa7b000 r--s 00000000 08:01 171113     /var/cache/fontconfig/767a8244fc0220cfb567a839d0392e0b-le32d4.cache-4
aaa7b000-aaa7c000 r--s 00000000 08:01 171106     /var/cache/fontconfig/4794a0821666d79190d59a36cb4f44b5-le32d4.cache-4
aaa7c000-aaa89000 r--s 00000000 08:01 171096     /var/cache/fontconfig/0bd3dc0958fa2205aaaa8ebb13e2872b-le32d4.cache-4
aaa89000-aaa8d000 r--s 00000000 08:01 171115     /var/cache/fontconfig/8801497958630a81b71ace7c5f9b32a8-le32d4.cache-4
aaa8d000-aaa90000 r--s 00000000 08:01 184410     /var/cache/fontconfig/c57959a16110560c8d0fcea73374aeeb-le32d4.cache-4
aaa90000-aaa95000 r--s 00000000 08:01 171102     /var/cache/fontconfig/3047814df9a2f067bd2d96a2b9c36e5a-le32d4.cache-4
aaa95000-aaa96000 r--s 00000000 08:01 171108     /var/cache/fontconfig/56cf4f4769d0f4abc89a4895d7bd3ae1-le32d4.cache-4
aaa96000-aaa97000 r--s 00000000 08:01 171122     /var/cache/fontconfig/b9d506c9ac06c20b433354fa67a72993-le32d4.cache-4
aaa97000-aaa9b000 r--s 00000000 08:01 171121     /var/cache/fontconfig/b47c4e1ecd0709278f4910c18777a504-le32d4.cache-4
aaa9b000-aaaab000 r--s 00000000 08:01 171127     /var/cache/fontconfig/d52a8644073d54c13679302ca1180695-le32d4.cache-4
aaaab000-aaaac000 r--s 00000000 08:01 184409     /var/cache/fontconfig/8a687c406b77f27d99abfeeba937fcce-le32d4.cache-4
aaaac000-aaab3000 r--s 00000000 08:01 171105     /var/cache/fontconfig/3f7329c5293ffd510edef78f73874cfd-le32d4.cache-4
aaab3000-aaab8000 r-xp 00000000 08:01 8937       /usr/lib/i386-linux-gnu/libXtst.so.6.1.0
aaab8000-aaab9000 r--p 00004000 08:01 8937       /usr/lib/i386-linux-gnu/libXtst.so.6.1.0
aaab9000-aaaba000 rw-p 00005000 08:01 8937       /usr/lib/i386-linux-gnu/libXtst.so.6.1.0
aaaba000-aaac3000 r--s 00000000 08:01 171128     /var/cache/fontconfig/d589a48862398ed80a3d6066f4f56f4c-le32d4.cache-4
aaac3000-aaac4000 r--s 00000000 08:01 171097     /var/cache/fontconfig/0c9eb80ebd1c36541ebe2852d3bb0c49-le32d4.cache-4
aaac4000-aaacb000 r--s 00000000 08:01 184407     /var/cache/fontconfig/d0972c3d32f097851eb916381fc38920-le32d4.cache-4
aaacb000-aaacc000 r--s 00000000 08:01 184406     /var/cache/fontconfig/c277e94e32b20404286a1ddafa5a80f0-le32d4.cache-4
aaacc000-aaacf000 r--s 00000000 08:01 184404     /var/cache/fontconfig/7ef2298fde41cc6eeb7af42e48b7d293-le32d4.cache-4
aaacf000-aaad3000 rwxp 00000000 00:00 0 
aaad3000-aab2e000 r-xp 00000000 08:01 440531     /home/comp6733/uniflash_3.4/eclipse/configuration/org.eclipse.osgi/bundles/102/2/.cp/libswt-pi-gtk-3833.so
aab2e000-aab30000 rw-p 0005a000 08:01 440531     /home/comp6733/uniflash_3.4/eclipse/configuration/org.eclipse.osgi/bundles/102/2/.cp/libswt-pi-gtk-3833.so
aab30000-aab31000 rw-p 00000000 00:00 0 
aab31000-aab32000 ---p 00000000 00:00 0 
aab32000-ab332000 rwxp 00000000 00:00 0          [stack:9604]
ab332000-ab38a000 r-xp 00000000 08:01 340154     /home/comp6733/uniflash_3.4/ccs_base/DebugServer/bin/libXPCOMUtility.so
ab38a000-ab38c000 rw-p 00057000 08:01 340154     /home/comp6733/uniflash_3.4/ccs_base/DebugServer/bin/libXPCOMUtility.so
ab38c000-ab38f000 ---p 00000000 00:00 0 
ab38f000-ab3dd000 rwxp 00000000 00:00 0          [stack:9603]
ab3dd000-ab3f9000 r-xp 00000000 08:01 263481     /lib/i386-linux-gnu/libgcc_s.so.1
ab3f9000-ab3fa000 rw-p 0001b000 08:01 263481     /lib/i386-linux-gnu/libgcc_s.so.1
ab3fa000-ab4d6000 r-xp 00000000 08:01 7373       /usr/lib/i386-linux-gnu/libstdc++.so.6.0.19
ab4d6000-ab4da000 r--p 000dc000 08:01 7373       /usr/lib/i386-linux-gnu/libstdc++.so.6.0.19
ab4da000-ab4db000 rw-p 000e0000 08:01 7373       /usr/lib/i386-linux-gnu/libstdc++.so.6.0.19
ab4db000-ab4e2000 rw-p 00000000 00:00 0 
ab4e2000-ab4e4000 r--s 00000000 08:01 184405     /var/cache/fontconfig/e13b20fdb08344e0e664864cc2ede53d-le32d4.cache-4
ab4e4000-ab4e5000 r--p 00000000 08:01 418544     /usr/share/locale-langpack/en_AU/LC_MESSAGES/glib20.mo
ab4e5000-ab4e6000 r-xp 00000000 08:01 9501       /usr/lib/i386-linux-gnu/libgthread-2.0.so.0.4002.0
ab4e6000-ab4e7000 r--p 00000000 08:01 9501       /usr/lib/i386-linux-gnu/libgthread-2.0.so.0.4002.0
ab4e7000-ab4e8000 rw-p 00001000 08:01 9501       /usr/lib/i386-linux-gnu/libgthread-2.0.so.0.4002.0
ab4e8000-ab4eb000 r-xp 00000000 08:01 440525     /home/comp6733/uniflash_3.4/eclipse/configuration/org.eclipse.osgi/bundles/102/2/.cp/libswt-gtk-3833.so
ab4eb000-ab4ec000 rw-p 00002000 08:01 440525     /home/comp6733/uniflash_3.4/eclipse/configuration/org.eclipse.osgi/bundles/102/2/.cp/libswt-gtk-3833.so
ab4ec000-ab4ed000 rw-p 00000000 00:00 0 
ab4ed000-ab4fa000 r-xp 00000000 08:01 340150     /home/comp6733/uniflash_3.4/ccs_base/DebugServer/bin/libDirectoryService.so
ab4fa000-ab4fb000 rw-p 0000c000 08:01 340150     /home/comp6733/uniflash_3.4/ccs_base/DebugServer/bin/libDirectoryService.so
ab4fb000-ab575000 r-xp 00000000 08:01 340533     /home/comp6733/uniflash_3.4/ccs_base/common/bin/libfsutil.so
ab575000-ab576000 rw-p 0007a000 08:01 340533     /home/comp6733/uniflash_3.4/ccs_base/common/bin/libfsutil.so
ab576000-ab5b7000 r-xp 00000000 08:01 340531     /home/comp6733/uniflash_3.4/ccs_base/common/bin/libti_logger.so
ab5b7000-ab5ba000 rw-p 00040000 08:01 340531     /home/comp6733/uniflash_3.4/ccs_base/common/bin/libti_logger.so
ab5ba000-ab633000 r-xp 00000000 08:01 340161     /home/comp6733/uniflash_3.4/ccs_base/DebugServer/bin/libti_xpcom.so
ab633000-ab636000 rw-p 00079000 08:01 340161     /home/comp6733/uniflash_3.4/ccs_base/DebugServer/bin/libti_xpcom.so
ab636000-ab65a000 r--s 00126000 08:01 340230     /home/comp6733/uniflash_3.4/ccs_base/DebugServer/packages/ti/dss/java/com.ti.debug.engine_1.0.0.jar
ab65a000-ab65d000 r--s 00004000 08:01 339112     /home/comp6733/uniflash_3.4/eclipse/plugins/com.ti.ccstudio.debug.server.core_5.3.0.201210101700.jar
ab65d000-ab65f000 r--s 0000c000 08:01 339119     /home/comp6733/uniflash_3.4/eclipse/plugins/com.ti.common.core_6.0.0.201403092200.jar
ab65f000-ab661000 r--s 00005000 08:01 339144     /home/comp6733/uniflash_3.4/eclipse/plugins/com.ti.uniflash.common_1.0.0.201509170704.jar
ab661000-ab664000 r--s 00018000 08:01 339154     /home/comp6733/uniflash_3.4/eclipse/plugins/org.eclipse.core.commands_3.6.1.v20120521-2332.jar
ab664000-ab668000 r--s 00022000 08:01 339252     /home/comp6733/uniflash_3.4/eclipse/plugins/org.eclipse.ui_3.8.0.v20120523-1546.jar
ab668000-ab6a4000 r--s 00629000 08:01 339109     /home/comp6733/uniflash_3.4/eclipse/plugins/com.ibm.icu_4.4.2.v20110823.jar
ab6a4000-ab6b9000 r--s 00230000 08:01 339243     /home/comp6733/uniflash_3.4/eclipse/plugins/org.eclipse.swt.gtk.linux.x86_3.8.0.v3833.jar
ab6b9000-ab700000 r--s 003b4000 08:01 339251     /home/comp6733/uniflash_3.4/eclipse/plugins/org.eclipse.ui.workbench_3.8.0.v20120521-2332.jar
ab700000-ab7fc000 rw-p 00000000 00:00 0 
ab7fc000-ab800000 ---p 00000000 00:00 0 
ab800000-ab801000 r--s 00000000 08:01 339117     /home/comp6733/uniflash_3.4/eclipse/plugins/com.ti.common.core.utils.ds_1.0.0.201403071400.jar
ab801000-ab802000 r--s 00000000 08:01 339115     /home/comp6733/uniflash_3.4/eclipse/plugins/com.ti.ccstudio.swt_5.3.0.201210101700.jar
ab802000-ab803000 r--s 00004000 08:01 339244     /home/comp6733/uniflash_3.4/eclipse/plugins/org.eclipse.swt_3.8.0.v3833.jar
ab803000-ab818000 r--s 000f6000 08:01 339239     /home/comp6733/uniflash_3.4/eclipse/plugins/org.eclipse.jface_3.8.0.v20120521-2332.jar
ab818000-ab81a000 r--s 00001000 08:01 339901     /home/comp6733/uniflash_3.4/eclipse/plugins/com.ti.ccstudio.startupInstaller_6.0.0.201503091537.jar
ab81a000-ab81c000 r--s 00010000 08:01 339200     /home/comp6733/uniflash_3.4/eclipse/plugins/org.eclipse.equinox.p2.core_2.2.0.v20120430-0525.jar
ab81c000-ab81d000 r--s 00007000 08:01 339203     /home/comp6733/uniflash_3.4/eclipse/plugins/org.eclipse.equinox.p2.directorywatcher_1.0.300.v20110808-1657.jar
ab81d000-ab820000 r--s 00013000 08:01 339184     /home/comp6733/uniflash_3.4/eclipse/plugins/org.eclipse.equinox.app_1.3.100.v20120522-1841.jar
ab820000-ab823000 ---p 00000000 00:00 0 
ab823000-ab871000 rwxp 00000000 00:00 0          [stack:9602]
ab871000-ab873000 r--s 00015000 08:01 339162     /home/comp6733/uniflash_3.4/eclipse/plugins/org.eclipse.core.jobs_3.5.200.v20120521-2346.jar
ab873000-ab876000 r--s 0001c000 08:01 339229     /home/comp6733/uniflash_3.4/eclipse/plugins/org.eclipse.equinox.preferences_3.5.0.v20120522-1841.jar
ab876000-ab878000 r--s 00015000 08:01 339155     /home/comp6733/uniflash_3.4/eclipse/plugins/org.eclipse.core.contenttype_3.4.200.v20120523-2004.jar
ab878000-ab87a000 r--s 00002000 08:01 339173     /home/comp6733/uniflash_3.4/eclipse/plugins/org.eclipse.core.runtime.compatibility.registry_3.5.100.v20120521-2346/runtime_registry_compatibility.jar
ab87a000-ab87d000 r--s 0002a000 08:01 339230     /home/comp6733/uniflash_3.4/eclipse/plugins/org.eclipse.equinox.registry_3.5.200.v20120522-1841.jar
ab87d000-ab87f000 r--s 00011000 08:01 339174     /home/comp6733/uniflash_3.4/eclipse/plugins/org.eclipse.core.runtime_3.8.0.v20120521-2346.jar
ab87f000-ab882000 ---p 00000000 00:00 0 
ab882000-ab8d0000 rwxp 00000000 00:00 0          [stack:9601]
ab8d0000-ab8d3000 ---p 00000000 00:00 0 
ab8d3000-ab921000 rwxp 00000000 00:00 0          [stack:9609]
ab921000-ab924000 r--s 00012000 08:01 339241     /home/comp6733/uniflash_3.4/eclipse/plugins/org.eclipse.osgi.services_3.3.100.v20120522-1822.jar
ab924000-ab927000 r--s 00011000 08:01 339235     /home/comp6733/uniflash_3.4/eclipse/plugins/org.eclipse.equinox.util_1.0.400.v20120522-2049.jar
ab927000-ab92a000 r--s 0002d000 08:01 339187     /home/comp6733/uniflash_3.4/eclipse/plugins/org.eclipse.equinox.ds_1.4.0.v20120522-1841.jar
ab92a000-ab92d000 r--s 00018000 08:01 339185     /home/comp6733/uniflash_3.4/eclipse/plugins/org.eclipse.equinox.common_3.6.100.v20120522-1841.jar
ab92d000-ab930000 ---p 00000000 00:00 0 
ab930000-ab97e000 rwxp 00000000 00:00 0          [stack:9599]
ab97e000-ab980000 r--s 00008000 08:01 339234     /home/comp6733/uniflash_3.4/eclipse/plugins/org.eclipse.equinox.simpleconfigurator_1.0.300.v20110815-1744.jar
ab980000-ab983000 ---p 00000000 00:00 0 
ab983000-ab9d1000 rwxp 00000000 00:00 0          [stack:9598]
ab9d1000-ab9d4000 ---p 00000000 00:00 0 
ab9d4000-aba22000 rwxp 00000000 00:00 0          [stack:9597]
aba22000-aba25000 ---p 00000000 00:00 0 
aba25000-aba73000 rwxp 00000000 00:00 0          [stack:9596]
aba73000-aba7a000 r-xp 00000000 08:01 339379     /home/comp6733/uniflash_3.4/eclipse/jre/lib/i386/libnio.so
aba7a000-aba7b000 rw-p 00006000 08:01 339379     /home/comp6733/uniflash_3.4/eclipse/jre/lib/i386/libnio.so
aba7b000-aba8e000 r-xp 00000000 08:01 339378     /home/comp6733/uniflash_3.4/eclipse/jre/lib/i386/libnet.so
aba8e000-aba8f000 rw-p 00013000 08:01 339378     /home/comp6733/uniflash_3.4/eclipse/jre/lib/i386/libnet.so
aba8f000-abaa3000 r--s 00141000 08:01 339242     /home/comp6733/uniflash_3.4/eclipse/plugins/org.eclipse.osgi_3.8.0.v20120529-1548.jar
abaa3000-abb03000 rw-s 00000000 00:04 44007452   /SYSV00000000 (deleted)
abb03000-abb9d000 rw-p 00000000 00:00 0 
abb9d000-abba0000 r-xp 00000000 08:01 11189      /usr/lib/i386-linux-gnu/gdk-pixbuf-2.0/2.10.0/loaders/libpixbufloader-bmp.so
abba0000-abba1000 r--p 00002000 08:01 11189      /usr/lib/i386-linux-gnu/gdk-pixbuf-2.0/2.10.0/loaders/libpixbufloader-bmp.so
abba1000-abba2000 rw-p 00003000 08:01 11189      /usr/lib/i386-linux-gnu/gdk-pixbuf-2.0/2.10.0/loaders/libpixbufloader-bmp.so
abba2000-abbc1000 r--s 00000000 08:01 326128     /usr/share/mime/mime.cache
abbc1000-abbf6000 r-xp 00000000 08:01 11665      /usr/lib/i386-linux-gnu/gtk-2.0/2.10.0/engines/libmurrine.so
abbf6000-abbf7000 r--p 00034000 08:01 11665      /usr/lib/i386-linux-gnu/gtk-2.0/2.10.0/engines/libmurrine.so
abbf7000-abbf8000 rw-p 00035000 08:01 11665      /usr/lib/i386-linux-gnu/gtk-2.0/2.10.0/engines/libmurrine.so
abbf8000-abc16000 r-xp 00000000 08:01 8996       /usr/lib/i386-linux-gnu/libatk-1.0.so.0.21009.1
abc16000-abc18000 r--p 0001d000 08:01 8996       /usr/lib/i386-linux-gnu/libatk-1.0.so.0.21009.1
abc18000-abc19000 rw-p 0001f000 08:01 8996       /usr/lib/i386-linux-gnu/libatk-1.0.so.0.21009.1
abc19000-ac080000 r-xp 00000000 08:01 9505       /usr/lib/i386-linux-gnu/libgtk-x11-2.0.so.0.2400.23
ac080000-ac084000 r--p 00466000 08:01 9505       /usr/lib/i386-linux-gnu/libgtk-x11-2.0.so.0.2400.23
ac084000-ac086000 rw-p 0046a000 08:01 9505       /usr/lib/i386-linux-gnu/libgtk-x11-2.0.so.0.2400.23
ac086000-ac088000 rw-p 00000000 00:00 0 
ac088000-ac0a2000 r-xp 00000000 08:01 9395       /usr/lib/i386-linux-gnu/libgraphite2.so.3.0.1
ac0a2000-ac0a3000 r--p 00019000 08:01 9395       /usr/lib/i386-linux-gnu/libgraphite2.so.3.0.1
ac0a3000-ac0a4000 rw-p 0001a000 08:01 9395       /usr/lib/i386-linux-gnu/libgraphite2.so.3.0.1
ac0a4000-ac0a9000 r-xp 00000000 08:01 8907       /usr/lib/i386-linux-gnu/libXdmcp.so.6.0.0
ac0a9000-ac0aa000 r--p 00004000 08:01 8907       /usr/lib/i386-linux-gnu/libXdmcp.so.6.0.0
ac0aa000-ac0ab000 rw-p 00005000 08:01 8907       /usr/lib/i386-linux-gnu/libXdmcp.so.6.0.0
ac0ab000-ac0ad000 r-xp 00000000 08:01 8894       /usr/lib/i386-linux-gnu/libXau.so.6.0.0
ac0ad000-ac0ae000 r--p 00001000 08:01 8894       /usr/lib/i386-linux-gnu/libXau.so.6.0.0
ac0ae000-ac0af000 rw-p 00002000 08:01 8894       /usr/lib/i386-linux-gnu/libXau.so.6.0.0
ac0af000-ac0b6000 r-xp 00000000 08:01 9128       /usr/lib/i386-linux-gnu/libdatrie.so.1.3.1
ac0b6000-ac0b7000 r--p 00006000 08:01 9128       /usr/lib/i386-linux-gnu/libdatrie.so.1.3.1
ac0b7000-ac0b8000 rw-p 00007000 08:01 9128       /usr/lib/i386-linux-gnu/libdatrie.so.1.3.1
ac0b8000-ac10c000 r-xp 00000000 08:01 9526       /usr/lib/i386-linux-gnu/libharfbuzz.so.0.927.0
ac10c000-ac10d000 r--p 00054000 08:01 9526       /usr/lib/i386-linux-gnu/libharfbuzz.so.0.927.0
ac10d000-ac10e000 rw-p 00055000 08:01 9526       /usr/lib/i386-linux-gnu/libharfbuzz.so.0.927.0
ac10e000-ac12e000 r-xp 00000000 08:01 10137      /usr/lib/i386-linux-gnu/libxcb.so.1.1.0
ac12e000-ac12f000 r--p 0001f000 08:01 10137      /usr/lib/i386-linux-gnu/libxcb.so.1.1.0
ac12f000-ac130000 rw-p 00020000 08:01 10137      /usr/lib/i386-linux-gnu/libxcb.so.1.1.0
ac130000-ac138000 r-xp 00000000 08:01 10119      /usr/lib/i386-linux-gnu/libxcb-render.so.0.0.0
ac138000-ac139000 r--p 00008000 08:01 10119      /usr/lib/i386-linux-gnu/libxcb-render.so.0.0.0
ac139000-ac13a000 rw-p 00009000 08:01 10119      /usr/lib/i386-linux-gnu/libxcb-render.so.0.0.0
ac13a000-ac160000 r-xp 00000000 08:01 263557     /lib/i386-linux-gnu/libpng12.so.0.50.0
ac160000-ac161000 r--p 00025000 08:01 263557     /lib/i386-linux-gnu/libpng12.so.0.50.0
ac161000-ac162000 rw-p 00026000 08:01 263557     /lib/i386-linux-gnu/libpng12.so.0.50.0
ac162000-ac206000 r-xp 00000000 08:01 9824       /usr/lib/i386-linux-gnu/libpixman-1.so.0.30.2
ac206000-ac20b000 r--p 000a4000 08:01 9824       /usr/lib/i386-linux-gnu/libpixman-1.so.0.30.2
ac20b000-ac20c000 rw-p 000a9000 08:01 9824       /usr/lib/i386-linux-gnu/libpixman-1.so.0.30.2
ac20c000-ac231000 r-xp 00000000 08:01 351154     /lib/i386-linux-gnu/libexpat.so.1.6.0
ac231000-ac232000 ---p 00025000 08:01 351154     /lib/i386-linux-gnu/libexpat.so.1.6.0
ac232000-ac234000 r--p 00025000 08:01 351154     /lib/i386-linux-gnu/libexpat.so.1.6.0
ac234000-ac235000 rw-p 00027000 08:01 351154     /lib/i386-linux-gnu/libexpat.so.1.6.0
ac235000-ac248000 r-xp 00000000 08:01 263581     /lib/i386-linux-gnu/libresolv-2.19.so
ac248000-ac249000 ---p 00013000 08:01 263581     /lib/i386-linux-gnu/libresolv-2.19.so
ac249000-ac24a000 r--p 00013000 08:01 263581     /lib/i386-linux-gnu/libresolv-2.19.so
ac24a000-ac24b000 rw-p 00014000 08:01 263581     /lib/i386-linux-gnu/libresolv-2.19.so
ac24b000-ac24d000 rw-p 00000000 00:00 0 
ac24d000-ac26d000 r-xp 00000000 08:01 263585     /lib/i386-linux-gnu/libselinux.so.1
ac26d000-ac26e000 r--p 0001f000 08:01 263585     /lib/i386-linux-gnu/libselinux.so.1
ac26e000-ac26f000 rw-p 00020000 08:01 263585     /lib/i386-linux-gnu/libselinux.so.1
ac26f000-ac270000 rw-p 00000000 00:00 0 
ac270000-ac288000 r-xp 00000000 08:01 263616     /lib/i386-linux-gnu/libz.so.1.2.8
ac288000-ac289000 r--p 00017000 08:01 263616     /lib/i386-linux-gnu/libz.so.1.2.8
ac289000-ac28a000 rw-p 00018000 08:01 263616     /lib/i386-linux-gnu/libz.so.1.2.8
ac28a000-ac292000 r-xp 00000000 08:01 9994       /usr/lib/i386-linux-gnu/libthai.so.0.2.0
ac292000-ac293000 r--p 00007000 08:01 9994       /usr/lib/i386-linux-gnu/libthai.so.0.2.0
ac293000-ac294000 rw-p 00008000 08:01 9994       /usr/lib/i386-linux-gnu/libthai.so.0.2.0
ac294000-ac297000 r-xp 00000000 08:01 9355       /usr/lib/i386-linux-gnu/libgmodule-2.0.so.0.4002.0
ac297000-ac298000 r--p 00002000 08:01 9355       /usr/lib/i386-linux-gnu/libgmodule-2.0.so.0.4002.0
ac298000-ac299000 rw-p 00003000 08:01 9355       /usr/lib/i386-linux-gnu/libgmodule-2.0.so.0.4002.0
ac299000-ac334000 r-xp 00000000 08:01 9284       /usr/lib/i386-linux-gnu/libfreetype.so.6.11.1
ac334000-ac338000 r--p 0009a000 08:01 9284       /usr/lib/i386-linux-gnu/libfreetype.so.6.11.1
ac338000-ac339000 rw-p 0009e000 08:01 9284       /usr/lib/i386-linux-gnu/libfreetype.so.6.11.1
ac339000-ac34d000 r-xp 00000000 08:01 9805       /usr/lib/i386-linux-gnu/libpangoft2-1.0.so.0.3600.3
ac34d000-ac34e000 r--p 00013000 08:01 9805       /usr/lib/i386-linux-gnu/libpangoft2-1.0.so.0.3600.3
ac34e000-ac34f000 rw-p 00014000 08:01 9805       /usr/lib/i386-linux-gnu/libpangoft2-1.0.so.0.3600.3
ac34f000-ac360000 r-xp 00000000 08:01 8909       /usr/lib/i386-linux-gnu/libXext.so.6.4.0
ac360000-ac361000 r--p 00010000 08:01 8909       /usr/lib/i386-linux-gnu/libXext.so.6.4.0
ac361000-ac362000 rw-p 00011000 08:01 8909       /usr/lib/i386-linux-gnu/libXext.so.6.4.0
ac362000-ac492000 r-xp 00000000 08:01 8888       /usr/lib/i386-linux-gnu/libX11.so.6.3.0
ac492000-ac493000 r--p 00130000 08:01 8888       /usr/lib/i386-linux-gnu/libX11.so.6.3.0
ac493000-ac495000 rw-p 00131000 08:01 8888       /usr/lib/i386-linux-gnu/libX11.so.6.3.0
ac495000-ac496000 rw-p 00000000 00:00 0 
ac496000-ac5b5000 r-xp 00000000 08:01 9052       /usr/lib/i386-linux-gnu/libcairo.so.2.11301.0
ac5b5000-ac5b7000 r--p 0011e000 08:01 9052       /usr/lib/i386-linux-gnu/libcairo.so.2.11301.0
ac5b7000-ac5b8000 rw-p 00120000 08:01 9052       /usr/lib/i386-linux-gnu/libcairo.so.2.11301.0
ac5b8000-ac5b9000 rw-p 00000000 00:00 0 
ac5b9000-ac5bd000 r-xp 00000000 08:01 8911       /usr/lib/i386-linux-gnu/libXfixes.so.3.1.0
ac5bd000-ac5be000 r--p 00003000 08:01 8911       /usr/lib/i386-linux-gnu/libXfixes.so.3.1.0
ac5be000-ac5bf000 rw-p 00004000 08:01 8911       /usr/lib/i386-linux-gnu/libXfixes.so.3.1.0
ac5bf000-ac5c8000 r-xp 00000000 08:01 8901       /usr/lib/i386-linux-gnu/libXcursor.so.1.0.2
ac5c8000-ac5c9000 r--p 00008000 08:01 8901       /usr/lib/i386-linux-gnu/libXcursor.so.1.0.2
ac5c9000-ac5ca000 rw-p 00009000 08:01 8901       /usr/lib/i386-linux-gnu/libXcursor.so.1.0.2
ac5ca000-ac5d8000 r-xp 00000000 08:01 8917       /usr/lib/i386-linux-gnu/libXi.so.6.1.0
ac5d8000-ac5d9000 r--p 0000e000 08:01 8917       /usr/lib/i386-linux-gnu/libXi.so.6.1.0
ac5d9000-ac5da000 rw-p 0000f000 08:01 8917       /usr/lib/i386-linux-gnu/libXi.so.6.1.0
ac5da000-ac613000 r-xp 00000000 08:01 9258       /usr/lib/i386-linux-gnu/libfontconfig.so.1.8.0
ac613000-ac614000 r--p 00039000 08:01 9258       /usr/lib/i386-linux-gnu/libfontconfig.so.1.8.0
ac614000-ac615000 rw-p 0003a000 08:01 9258       /usr/lib/i386-linux-gnu/libfontconfig.so.1.8.0
ac615000-ac792000 r-xp 00000000 08:01 9339       /usr/lib/i386-linux-gnu/libgio-2.0.so.0.4002.0
ac792000-ac794000 r--p 0017d000 08:01 9339       /usr/lib/i386-linux-gnu/libgio-2.0.so.0.4002.0
ac794000-ac795000 rw-p 0017f000 08:01 9339       /usr/lib/i386-linux-gnu/libgio-2.0.so.0.4002.0
ac795000-ac796000 rw-p 00000000 00:00 0 
ac796000-ac7e0000 r-xp 00000000 08:01 9801       /usr/lib/i386-linux-gnu/libpango-1.0.so.0.3600.3
ac7e0000-ac7e1000 ---p 0004a000 08:01 9801       /usr/lib/i386-linux-gnu/libpango-1.0.so.0.3600.3
ac7e1000-ac7e2000 r--p 0004a000 08:01 9801       /usr/lib/i386-linux-gnu/libpango-1.0.so.0.3600.3
ac7e2000-ac7e3000 rw-p 0004b000 08:01 9801       /usr/lib/i386-linux-gnu/libpango-1.0.so.0.3600.3
ac7e3000-ac88e000 r-xp 00000000 08:01 9317       /usr/lib/i386-linux-gnu/libgdk-x11-2.0.so.0.2400.23
ac88e000-ac88f000 ---p 000ab000 08:01 9317       /usr/lib/i386-linux-gnu/libgdk-x11-2.0.so.0.2400.23
ac88f000-ac891000 r--p 000ab000 08:01 9317       /usr/lib/i386-linux-gnu/libgdk-x11-2.0.so.0.2400.23
ac891000-ac892000 rw-p 000ad000 08:01 9317       /usr/lib/i386-linux-gnu/libgdk-x11-2.0.so.0.2400.23
ac892000-ac8ce000 r-xp 00000000 08:01 337715     /lib/i386-linux-gnu/libpcre.so.3.13.1
ac8ce000-ac8cf000 r--p 0003b000 08:01 337715     /lib/i386-linux-gnu/libpcre.so.3.13.1
ac8cf000-ac8d0000 rw-p 0003c000 08:01 337715     /lib/i386-linux-gnu/libpcre.so.3.13.1
ac8d0000-ac9da000 r-xp 00000000 08:01 263485     /lib/i386-linux-gnu/libglib-2.0.so.0.4002.0
ac9da000-ac9db000 r--p 00109000 08:01 263485     /lib/i386-linux-gnu/libglib-2.0.so.0.4002.0
ac9db000-ac9dc000 rw-p 0010a000 08:01 263485     /lib/i386-linux-gnu/libglib-2.0.so.0.4002.0
ac9dc000-aca2c000 r-xp 00000000 08:01 9379       /usr/lib/i386-linux-gnu/libgobject-2.0.so.0.4002.0
aca2c000-aca2d000 r--p 0004f000 08:01 9379       /usr/lib/i386-linux-gnu/libgobject-2.0.so.0.4002.0
aca2d000-aca2e000 rw-p 00050000 08:01 9379       /usr/lib/i386-linux-gnu/libgobject-2.0.so.0.4002.0
aca2e000-aca2f000 ---p 00000000 00:00 0 
aca2f000-acaaf000 rwxp 00000000 00:00 0          [stack:9595]
acaaf000-acab2000 ---p 00000000 00:00 0 
acab2000-acb00000 rwxp 00000000 00:00 0          [stack:9594]
acb00000-acc00000 rw-p 00000000 00:00 0 
acc00000-acc09000 r-xp 00000000 08:01 8929       /usr/lib/i386-linux-gnu/libXrandr.so.2.2.0
acc09000-acc0a000 r--p 00008000 08:01 8929       /usr/lib/i386-linux-gnu/libXrandr.so.2.2.0
acc0a000-acc0b000 rw-p 00009000 08:01 8929       /usr/lib/i386-linux-gnu/libXrandr.so.2.2.0
acc0b000-acc2c000 r-xp 00000000 08:01 9319       /usr/lib/i386-linux-gnu/libgdk_pixbuf-2.0.so.0.3000.7
acc2c000-acc2d000 r--p 00020000 08:01 9319       /usr/lib/i386-linux-gnu/libgdk_pixbuf-2.0.so.0.3000.7
acc2d000-acc2e000 rw-p 00021000 08:01 9319       /usr/lib/i386-linux-gnu/libgdk_pixbuf-2.0.so.0.3000.7
acc2e000-acc31000 ---p 00000000 00:00 0 
acc31000-accaf000 rwxp 00000000 00:00 0          [stack:9593]
accaf000-accb2000 ---p 00000000 00:00 0 
accb2000-acd00000 rwxp 00000000 00:00 0          [stack:9592]
acd00000-acdf9000 rw-p 00000000 00:00 0 
acdf9000-ace00000 ---p 00000000 00:00 0 
ace00000-ace02000 r-xp 00000000 08:01 10123      /usr/lib/i386-linux-gnu/libxcb-shm.so.0.0.0
ace02000-ace03000 r--p 00001000 08:01 10123      /usr/lib/i386-linux-gnu/libxcb-shm.so.0.0.0
ace03000-ace04000 rw-p 00002000 08:01 10123      /usr/lib/i386-linux-gnu/libxcb-shm.so.0.0.0
ace04000-ace06000 r-xp 00000000 08:01 8903       /usr/lib/i386-linux-gnu/libXdamage.so.1.1.0
ace06000-ace07000 r--p 00001000 08:01 8903       /usr/lib/i386-linux-gnu/libXdamage.so.1.1.0
ace07000-ace08000 rw-p 00002000 08:01 8903       /usr/lib/i386-linux-gnu/libXdamage.so.1.1.0
ace08000-ace11000 r-xp 00000000 08:01 8931       /usr/lib/i386-linux-gnu/libXrender.so.1.3.0
ace11000-ace12000 r--p 00008000 08:01 8931       /usr/lib/i386-linux-gnu/libXrender.so.1.3.0
ace12000-ace13000 rw-p 00009000 08:01 8931       /usr/lib/i386-linux-gnu/libXrender.so.1.3.0
ace13000-ace1e000 r-xp 00000000 08:01 9803       /usr/lib/i386-linux-gnu/libpangocairo-1.0.so.0.3600.3
ace1e000-ace1f000 r--p 0000a000 08:01 9803       /usr/lib/i386-linux-gnu/libpangocairo-1.0.so.0.3600.3
ace1f000-ace20000 rw-p 0000b000 08:01 9803       /usr/lib/i386-linux-gnu/libpangocairo-1.0.so.0.3600.3
ace20000-ace21000 r--p 00000000 08:01 418532     /usr/share/locale-langpack/en_AU/LC_MESSAGES/gdk-pixbuf.mo
ace21000-ace22000 r--s 0000b000 08:01 339216     /home/comp6733/uniflash_3.4/eclipse/plugins/org.eclipse.equinox.p2.reconciler.dropins_1.1.200.v20120301-2145.jar
ace22000-ace2b000 r-xp 00000000 08:01 11666      /usr/lib/i386-linux-gnu/gtk-2.0/2.10.0/engines/libpixmap.so
ace2b000-ace2c000 r--p 00008000 08:01 11666      /usr/lib/i386-linux-gnu/gtk-2.0/2.10.0/engines/libpixmap.so
ace2c000-ace2d000 rw-p 00009000 08:01 11666      /usr/lib/i386-linux-gnu/gtk-2.0/2.10.0/engines/libpixmap.so
ace2d000-ace34000 r--s 00000000 08:01 11176      /usr/lib/i386-linux-gnu/gconv/gconv-modules.cache
ace34000-ace38000 r--p 00000000 08:01 418586     /usr/share/locale-langpack/en_AU/LC_MESSAGES/gtk20-properties.mo
ace38000-ace39000 r--p 00000000 08:01 418642     /usr/share/locale-langpack/en_AU/LC_MESSAGES/libc.mo
ace39000-ace3c000 ---p 00000000 00:00 0 
ace3c000-ace8a000 rwxp 00000000 00:00 0          [stack:9591]
ace8a000-ace8d000 ---p 00000000 00:00 0 
ace8d000-acedb000 rwxp 00000000 00:00 0          [stack:9590]
acedb000-acedc000 ---p 00000000 00:00 0 
acedc000-acf5c000 rwxp 00000000 00:00 0          [stack:9589]
acf5c000-acf8f000 rw-p 00000000 00:00 0 
acf8f000-ad120000 r--s 02a34000 08:01 339421     /home/comp6733/uniflash_3.4/eclipse/jre/lib/rt.jar
ad120000-ad12b000 rwxp 00000000 00:00 0 
ad12b000-ad141000 rwxp 00000000 00:00 0 
ad141000-ad145000 rwxp 00000000 00:00 0 
ad145000-ad15f000 rwxp 00000000 00:00 0 
ad15f000-ad160000 rwxp 00000000 00:00 0 
ad160000-ad161000 rwxp 00000000 00:00 0 
ad161000-ad166000 rwxp 00000000 00:00 0 
ad166000-ad17f000 rwxp 00000000 00:00 0 
ad17f000-ad18a000 rwxp 00000000 00:00 0 
ad18a000-ad19f000 rwxp 00000000 00:00 0 
ad19f000-ad2a0000 rwxp 00000000 00:00 0 
ad2a0000-ad680000 rwxp 00000000 00:00 0 
ad680000-addaa000 rwxp 00000000 00:00 0 
addaa000-b11a0000 rwxp 00000000 00:00 0 
b11a0000-b26e0000 rwxp 00000000 00:00 0 
b26e0000-b51a0000 rwxp 00000000 00:00 0 
b51a0000-b51a2000 r--p 00000000 08:01 418587     /usr/share/locale-langpack/en_AU/LC_MESSAGES/gtk20.mo
b51a2000-b51a4000 r-xp 00000000 08:01 8899       /usr/lib/i386-linux-gnu/libXcomposite.so.1.0.0
b51a4000-b51a5000 r--p 00001000 08:01 8899       /usr/lib/i386-linux-gnu/libXcomposite.so.1.0.0
b51a5000-b51a6000 rw-p 00002000 08:01 8899       /usr/lib/i386-linux-gnu/libXcomposite.so.1.0.0
b51a6000-b51ab000 r-xp 00000000 08:01 9221       /usr/lib/i386-linux-gnu/libffi.so.6.0.1
b51ab000-b51ac000 r--p 00005000 08:01 9221       /usr/lib/i386-linux-gnu/libffi.so.6.0.1
b51ac000-b51ad000 rw-p 00006000 08:01 9221       /usr/lib/i386-linux-gnu/libffi.so.6.0.1
b51ad000-b51b6000 rwxp 00000000 00:00 0 
b51b6000-b522d000 rwxp 00000000 00:00 0 
b522d000-b5455000 rwxp 00000000 00:00 0 
b5455000-b722d000 rwxp 00000000 00:00 0 
b722d000-b723c000 r-xp 00000000 08:01 339386     /home/comp6733/uniflash_3.4/eclipse/jre/lib/i386/libzip.so
b723c000-b723e000 rw-p 0000e000 08:01 339386     /home/comp6733/uniflash_3.4/eclipse/jre/lib/i386/libzip.so
b723e000-b7261000 r-xp 00000000 08:01 339363     /home/comp6733/uniflash_3.4/eclipse/jre/lib/i386/libjava.so
b7261000-b7263000 rw-p 00023000 08:01 339363     /home/comp6733/uniflash_3.4/eclipse/jre/lib/i386/libjava.so
b7263000-b726e000 r-xp 00000000 08:01 263530     /lib/i386-linux-gnu/libnss_files-2.19.so
b726e000-b726f000 r--p 0000a000 08:01 263530     /lib/i386-linux-gnu/libnss_files-2.19.so
b726f000-b7270000 rw-p 0000b000 08:01 263530     /lib/i386-linux-gnu/libnss_files-2.19.so
b7270000-b727a000 r-xp 00000000 08:01 263540     /lib/i386-linux-gnu/libnss_nis-2.19.so
b727a000-b727b000 r--p 00009000 08:01 263540     /lib/i386-linux-gnu/libnss_nis-2.19.so
b727b000-b727c000 rw-p 0000a000 08:01 263540     /lib/i386-linux-gnu/libnss_nis-2.19.so
b727c000-b7291000 r-xp 00000000 08:01 263524     /lib/i386-linux-gnu/libnsl-2.19.so
b7291000-b7292000 r--p 00015000 08:01 263524     /lib/i386-linux-gnu/libnsl-2.19.so
b7292000-b7293000 rw-p 00016000 08:01 263524     /lib/i386-linux-gnu/libnsl-2.19.so
b7293000-b7295000 rw-p 00000000 00:00 0 
b7295000-b7297000 r-xp 00000000 08:01 8919       /usr/lib/i386-linux-gnu/libXinerama.so.1.0.0
b7297000-b7298000 r--p 00001000 08:01 8919       /usr/lib/i386-linux-gnu/libXinerama.so.1.0.0
b7298000-b7299000 rw-p 00002000 08:01 8919       /usr/lib/i386-linux-gnu/libXinerama.so.1.0.0
b7299000-b72a0000 r--s 00110000 08:01 339420     /home/comp6733/uniflash_3.4/eclipse/jre/lib/resources.jar
b72a0000-b72a2000 r--s 0000b000 08:01 339197     /home/comp6733/uniflash_3.4/eclipse/plugins/org.eclipse.equinox.launcher_1.3.0.v20120522-1813.jar
b72a2000-b72ad000 r-xp 00000000 08:01 339385     /home/comp6733/uniflash_3.4/eclipse/jre/lib/i386/libverify.so
b72ad000-b72ae000 rw-p 0000b000 08:01 339385     /home/comp6733/uniflash_3.4/eclipse/jre/lib/i386/libverify.so
b72ae000-b72f2000 r-xp 00000000 08:01 263505     /lib/i386-linux-gnu/libm-2.19.so
b72f2000-b72f3000 r--p 00043000 08:01 263505     /lib/i386-linux-gnu/libm-2.19.so
b72f3000-b72f4000 rw-p 00044000 08:01 263505     /lib/i386-linux-gnu/libm-2.19.so
b72f4000-b72f5000 r--s 00042000 08:01 339145     /home/comp6733/uniflash_3.4/eclipse/plugins/com.ti.uniflash.rcp_1.0.0.201509170704.jar
b72f5000-b72fd000 rw-s 00000000 08:01 187560     /tmp/hsperfdata_root/9588
b72fd000-b7304000 r-xp 00000000 08:01 263526     /lib/i386-linux-gnu/libnss_compat-2.19.so
b7304000-b7305000 r--p 00006000 08:01 263526     /lib/i386-linux-gnu/libnss_compat-2.19.so
b7305000-b7306000 rw-p 00007000 08:01 263526     /lib/i386-linux-gnu/libnss_compat-2.19.so
b7306000-b730c000 r-xp 00000000 08:01 339388     /home/comp6733/uniflash_3.4/eclipse/jre/lib/i386/native_threads/libhpi.so
b730c000-b730d000 rw-p 00006000 08:01 339388     /home/comp6733/uniflash_3.4/eclipse/jre/lib/i386/native_threads/libhpi.so
b730d000-b750d000 r--p 00000000 08:01 12669      /usr/lib/locale/locale-archive
b750d000-b750e000 rw-p 00000000 00:00 0 
b750e000-b76b6000 r-xp 00000000 08:01 263454     /lib/i386-linux-gnu/libc-2.19.so
b76b6000-b76b8000 r--p 001a8000 08:01 263454     /lib/i386-linux-gnu/libc-2.19.so
b76b8000-b76b9000 rw-p 001aa000 08:01 263454     /lib/i386-linux-gnu/libc-2.19.so
b76b9000-b76bd000 rw-p 00000000 00:00 0 
b76bd000-b76c0000 r-xp 00000000 08:01 263471     /lib/i386-linux-gnu/libdl-2.19.so
b76c0000-b76c1000 r--p 00002000 08:01 263471     /lib/i386-linux-gnu/libdl-2.19.so
b76c1000-b76c2000 rw-p 00003000 08:01 263471     /lib/i386-linux-gnu/libdl-2.19.so
b76c2000-b76da000 r-xp 00000000 08:01 263575     /lib/i386-linux-gnu/libpthread-2.19.so
b76da000-b76db000 r--p 00018000 08:01 263575     /lib/i386-linux-gnu/libpthread-2.19.so
b76db000-b76dc000 rw-p 00019000 08:01 263575     /lib/i386-linux-gnu/libpthread-2.19.so
b76dc000-b76de000 rw-p 00000000 00:00 0 
b76de000-b76df000 rwxp 00000000 00:00 0 
b76df000-b76e0000 r--p 00000000 00:00 0 
b76e0000-b76e7000 r-xp 00000000 08:01 263583     /lib/i386-linux-gnu/librt-2.19.so
b76e7000-b76e8000 r--p 00006000 08:01 263583     /lib/i386-linux-gnu/librt-2.19.so
b76e8000-b76e9000 rw-p 00007000 08:01 263583     /lib/i386-linux-gnu/librt-2.19.so
b76e9000-b76f6000 r-xp 00000000 08:01 339195     /home/comp6733/uniflash_3.4/eclipse/plugins/org.eclipse.equinox.launcher.gtk.linux.x86_1.1.200.v20120522-1813/eclipse_1502.so
b76f6000-b76f7000 rw-p 0000c000 08:01 339195     /home/comp6733/uniflash_3.4/eclipse/plugins/org.eclipse.equinox.launcher.gtk.linux.x86_1.1.200.v20120522-1813/eclipse_1502.so
b76f7000-b76f9000 rw-p 00000000 00:00 0 
b76f9000-b76fa000 r-xp 00000000 00:00 0          [vdso]
b76fa000-b76fc000 r--p 00000000 00:00 0          [vvar]
b76fc000-b771c000 r-xp 00000000 08:01 263426     /lib/i386-linux-gnu/ld-2.19.so
b771c000-b771d000 r--p 0001f000 08:01 263426     /lib/i386-linux-gnu/ld-2.19.so
b771d000-b771e000 rw-p 00020000 08:01 263426     /lib/i386-linux-gnu/ld-2.19.so
bf92e000-bf931000 ---p 00000000 00:00 0 
bf932000-bf97e000 rwxp 00000000 00:00 0          [stack]
bf97e000-bf980000 rw-p 00000000 00:00 0 

VM Arguments:
jvm_args: -Dccs.debugServerDir=${RUNTIME_ROOT} -Dcom.ti.uniflash.utilities.sitara.flashProgrammerAbsPath= -DCC3XXX_XML_PATH=../cc3xxx/templates/ -DCC3XXX_SCHEMA_PATH=../cc3xxx/templates/schemas/ -DDEPENDENCY_DIR_PATH=../cc3xxx/bin/ -DPROJECT_DIR_PATH=../cc3xxx/bin/ 
java_command: <unknown>
Launcher Type: generic

Environment Variables:
PATH=/usr/local/sbin:/usr/local/bin:/usr/sbin:/usr/bin:/sbin:/bin:/home/comp6733/uniflash_3.4/ccs_base/emulation/analysis/bin/.:/home/comp6733/uniflash_3.4/ccs_base/emulation/analysis/bin/../xmldb/aet_config:/home/comp6733/uniflash_3.4/ccs_base/emulation/analysis/bin/../xmldb/trace_config/setup:/home/comp6733/uniflash_3.4/ccs_base/emulation/analysis/bin/../xmldb/trace_config/devices:/home/comp6733/uniflash_3.4/ccs_base/emulation/analysis/bin/../../../common/bin:/home/comp6733/uniflash_3.4/ccs_base/emulation/analysis/bin/../../../common/uscif:/home/comp6733/uniflash_3.4/ccs_base/emulation/analysis/bin/../../tpi
USERNAME=root
LD_LIBRARY_PATH=/home/comp6733/uniflash_3.4/eclipse/jre/lib/i386/client:/home/comp6733/uniflash_3.4/eclipse/jre/lib/i386:
SHELL=/bin/bash
DISPLAY=:0.0

Signal Handlers:
SIGSEGV: [libjvm.so+0x3cd180], sa_mask[0]=0x7ffbfeff, sa_flags=0x10000004
SIGBUS: [libjvm.so+0x3cd180], sa_mask[0]=0x7ffbfeff, sa_flags=0x10000004
SIGFPE: [libjvm.so+0x30ea50], sa_mask[0]=0x7ffbfeff, sa_flags=0x10000004
SIGPIPE: SIG_IGN, sa_mask[0]=0x00001000, sa_flags=0x10000000
SIGXFSZ: [libjvm.so+0x30ea50], sa_mask[0]=0x7ffbfeff, sa_flags=0x10000004
SIGILL: [libjvm.so+0x30ea50], sa_mask[0]=0x7ffbfeff, sa_flags=0x10000004
SIGUSR1: SIG_DFL, sa_mask[0]=0x00000000, sa_flags=0x00000000
SIGUSR2: [libjvm.so+0x310f20], sa_mask[0]=0x00000000, sa_flags=0x10000004
SIGHUP: [libjvm.so+0x310cc0], sa_mask[0]=0x7ffbfeff, sa_flags=0x10000004
SIGINT: [libjvm.so+0x310cc0], sa_mask[0]=0x7ffbfeff, sa_flags=0x10000004
SIGTERM: [libjvm.so+0x310cc0], sa_mask[0]=0x7ffbfeff, sa_flags=0x10000004
SIGQUIT: [libjvm.so+0x310cc0], sa_mask[0]=0x7ffbfeff, sa_flags=0x10000004


---------------  S Y S T E M  ---------------

OS:jessie/sid

uname:Linux 3.16.0-38-generic #52~14.04.1-Ubuntu SMP Fri May 8 09:44:48 UTC 2015 i686
libc:glibc 2.19 NPTL 2.19 
rlimit: STACK 8192k, CORE 0k, NPROC 15930, NOFILE 4096, AS infinity
load average:0.21 0.14 0.14

CPU:total 1 (1 cores per cpu, 1 threads per core) family 6 model 6 stepping 1, cmov, cx8, fxsr, mmx, sse, sse2, sse3, ssse3

Memory: 4k page, physical 2067560k(231784k free), swap 784380k(783992k free)

vm_info: Java HotSpot(TM) Client VM (11.3-b02) for linux-x86 JRE (1.6.0_13-b03), built on Mar  9 2009 01:29:45 by "java_re" with gcc 3.2.1-7a (J2SE release)

time: Fri Nov 20 18:14:05 2020
elapsed time: 3 seconds

